Traceback (most recent call last):
  File "/opt/hostedtoolcache/Python/3.11.7/x64/lib/python3.11/site-packages/jupyter_cache/executors/utils.py", line 58, in single_nb_execution
    executenb(
  File "/opt/hostedtoolcache/Python/3.11.7/x64/lib/python3.11/site-packages/nbclient/client.py", line 1305, in execute
    return NotebookClient(nb=nb, resources=resources, km=km, **kwargs).execute()
           ^^^^^^^^^^^^^^^^^^^^^^^^^^^^^^^^^^^^^^^^^^^^^^^^^^^^^^^^^^^^^^^^^^^^^
  File "/opt/hostedtoolcache/Python/3.11.7/x64/lib/python3.11/site-packages/jupyter_core/utils/__init__.py", line 166, in wrapped
    return loop.run_until_complete(inner)
           ^^^^^^^^^^^^^^^^^^^^^^^^^^^^^^
  File "/opt/hostedtoolcache/Python/3.11.7/x64/lib/python3.11/asyncio/base_events.py", line 653, in run_until_complete
    return future.result()
           ^^^^^^^^^^^^^^^
  File "/opt/hostedtoolcache/Python/3.11.7/x64/lib/python3.11/site-packages/nbclient/client.py", line 705, in async_execute
    await self.async_execute_cell(
  File "/opt/hostedtoolcache/Python/3.11.7/x64/lib/python3.11/site-packages/nbclient/client.py", line 1058, in async_execute_cell
    await self._check_raise_for_error(cell, cell_index, exec_reply)
  File "/opt/hostedtoolcache/Python/3.11.7/x64/lib/python3.11/site-packages/nbclient/client.py", line 914, in _check_raise_for_error
    raise CellExecutionError.from_cell_and_msg(cell, exec_reply_content)
nbclient.exceptions.CellExecutionError: An error occurred while executing the following cell:
------------------
#initialization
import matplotlib.pyplot as plt
%matplotlib inline
import numpy as np

# importing Qiskit
from qiskit import IBMQ, BasicAer
from qiskit_ibm_provider import least_busy
from qiskit import QuantumCircuit, ClassicalRegister, QuantumRegister, execute

# import basic plot tools
from qiskit.tools.visualization import plot_histogram
------------------


[0;31m---------------------------------------------------------------------------[0m
[0;31mModuleNotFoundError[0m                       Traceback (most recent call last)
Cell [0;32mIn[1], line 8[0m
[1;32m      6[0m [38;5;66;03m# importing Qiskit[39;00m
[1;32m      7[0m [38;5;28;01mfrom[39;00m [38;5;21;01mqiskit[39;00m [38;5;28;01mimport[39;00m IBMQ, BasicAer
[0;32m----> 8[0m [38;5;28;01mfrom[39;00m [38;5;21;01mqiskit_ibm_provider[39;00m [38;5;28;01mimport[39;00m least_busy
[1;32m      9[0m [38;5;28;01mfrom[39;00m [38;5;21;01mqiskit[39;00m [38;5;28;01mimport[39;00m QuantumCircuit, ClassicalRegister, QuantumRegister, execute
[1;32m     11[0m [38;5;66;03m# import basic plot tools[39;00m

[0;31mModuleNotFoundError[0m: No module named 'qiskit_ibm_provider'

