Traceback (most recent call last):
  File "/opt/hostedtoolcache/Python/3.11.7/x64/lib/python3.11/site-packages/jupyter_cache/executors/utils.py", line 58, in single_nb_execution
    executenb(
  File "/opt/hostedtoolcache/Python/3.11.7/x64/lib/python3.11/site-packages/nbclient/client.py", line 1305, in execute
    return NotebookClient(nb=nb, resources=resources, km=km, **kwargs).execute()
           ^^^^^^^^^^^^^^^^^^^^^^^^^^^^^^^^^^^^^^^^^^^^^^^^^^^^^^^^^^^^^^^^^^^^^
  File "/opt/hostedtoolcache/Python/3.11.7/x64/lib/python3.11/site-packages/jupyter_core/utils/__init__.py", line 166, in wrapped
    return loop.run_until_complete(inner)
           ^^^^^^^^^^^^^^^^^^^^^^^^^^^^^^
  File "/opt/hostedtoolcache/Python/3.11.7/x64/lib/python3.11/asyncio/base_events.py", line 653, in run_until_complete
    return future.result()
           ^^^^^^^^^^^^^^^
  File "/opt/hostedtoolcache/Python/3.11.7/x64/lib/python3.11/site-packages/nbclient/client.py", line 705, in async_execute
    await self.async_execute_cell(
  File "/opt/hostedtoolcache/Python/3.11.7/x64/lib/python3.11/site-packages/nbclient/client.py", line 1058, in async_execute_cell
    await self._check_raise_for_error(cell, cell_index, exec_reply)
  File "/opt/hostedtoolcache/Python/3.11.7/x64/lib/python3.11/site-packages/nbclient/client.py", line 914, in _check_raise_for_error
    raise CellExecutionError.from_cell_and_msg(cell, exec_reply_content)
nbclient.exceptions.CellExecutionError: An error occurred while executing the following cell:
------------------
from qiskit import *
from qiskit import QuantumRegister, ClassicalRegister, QuantumCircuit
from qiskit import Aer, execute
from qiskit_ibm_provider import IBMProvider
provider = IBMProvider()
------------------


[0;31m---------------------------------------------------------------------------[0m
[0;31mAccountNotFoundError[0m                      Traceback (most recent call last)
Cell [0;32mIn[2], line 5[0m
[1;32m      3[0m [38;5;28;01mfrom[39;00m [38;5;21;01mqiskit[39;00m [38;5;28;01mimport[39;00m Aer, execute
[1;32m      4[0m [38;5;28;01mfrom[39;00m [38;5;21;01mqiskit_ibm_provider[39;00m [38;5;28;01mimport[39;00m IBMProvider
[0;32m----> 5[0m provider [38;5;241m=[39m [43mIBMProvider[49m[43m([49m[43m)[49m

File [0;32m/opt/hostedtoolcache/Python/3.11.7/x64/lib/python3.11/site-packages/qiskit_ibm_provider/ibm_provider.py:162[0m, in [0;36mIBMProvider.__init__[0;34m(self, token, url, name, instance, proxies, verify)[0m
[1;32m    139[0m [38;5;250m[39m[38;5;124;03m"""IBMProvider constructor[39;00m
[1;32m    140[0m 
[1;32m    141[0m [38;5;124;03mArgs:[39;00m
[0;32m   (...)[0m
[1;32m    159[0m 
[1;32m    160[0m [38;5;124;03m"""[39;00m
[1;32m    161[0m [38;5;28msuper[39m()[38;5;241m.[39m[38;5;21m__init__[39m()
[0;32m--> 162[0m [38;5;28mself[39m[38;5;241m.[39m_account [38;5;241m=[39m [38;5;28;43mself[39;49m[38;5;241;43m.[39;49m[43m_discover_account[49m[43m([49m
[1;32m    163[0m [43m    [49m[43mtoken[49m[38;5;241;43m=[39;49m[43mtoken[49m[43m,[49m
[1;32m    164[0m [43m    [49m[43murl[49m[38;5;241;43m=[39;49m[43murl[49m[43m,[49m
[1;32m    165[0m [43m    [49m[43minstance[49m[38;5;241;43m=[39;49m[43minstance[49m[43m,[49m
[1;32m    166[0m [43m    [49m[43mname[49m[38;5;241;43m=[39;49m[43mname[49m[43m,[49m
[1;32m    167[0m [43m    [49m[43mproxies[49m[38;5;241;43m=[39;49m[43mProxyConfiguration[49m[43m([49m[38;5;241;43m*[39;49m[38;5;241;43m*[39;49m[43mproxies[49m[43m)[49m[43m [49m[38;5;28;43;01mif[39;49;00m[43m [49m[43mproxies[49m[43m [49m[38;5;28;43;01melse[39;49;00m[43m [49m[38;5;28;43;01mNone[39;49;00m[43m,[49m
[1;32m    168[0m [43m    [49m[43mverify[49m[38;5;241;43m=[39;49m[43mverify[49m[43m,[49m
[1;32m    169[0m [43m[49m[43m)[49m
[1;32m    171[0m [38;5;28mself[39m[38;5;241m.[39m_client_params [38;5;241m=[39m ClientParameters(
[1;32m    172[0m     token[38;5;241m=[39m[38;5;28mself[39m[38;5;241m.[39m_account[38;5;241m.[39mtoken,
[1;32m    173[0m     url[38;5;241m=[39m[38;5;28mself[39m[38;5;241m.[39m_account[38;5;241m.[39murl,
[0;32m   (...)[0m
[1;32m    176[0m     verify[38;5;241m=[39m[38;5;28mself[39m[38;5;241m.[39m_account[38;5;241m.[39mverify,
[1;32m    177[0m )
[1;32m    178[0m [38;5;28mself[39m[38;5;241m.[39m_auth_client [38;5;241m=[39m [38;5;28mself[39m[38;5;241m.[39m_authenticate_ibm_quantum_account([38;5;28mself[39m[38;5;241m.[39m_client_params)

File [0;32m/opt/hostedtoolcache/Python/3.11.7/x64/lib/python3.11/site-packages/qiskit_ibm_provider/ibm_provider.py:221[0m, in [0;36mIBMProvider._discover_account[0;34m(token, url, instance, name, proxies, verify)[0m
[1;32m    217[0m         [38;5;28;01mif[39;00m url:
[1;32m    218[0m             logger[38;5;241m.[39mwarning(
[1;32m    219[0m                 [38;5;124m"[39m[38;5;124mLoading default ibm_quantum account. Input [39m[38;5;124m'[39m[38;5;124murl[39m[38;5;124m'[39m[38;5;124m is ignored.[39m[38;5;124m"[39m
[1;32m    220[0m             )
[0;32m--> 221[0m         account [38;5;241m=[39m [43mAccountManager[49m[38;5;241;43m.[39;49m[43mget[49m[43m([49m[43mchannel[49m[38;5;241;43m=[39;49m[38;5;124;43m"[39;49m[38;5;124;43mibm_quantum[39;49m[38;5;124;43m"[39;49m[43m)[49m
[1;32m    223[0m [38;5;28;01mif[39;00m account [38;5;129;01mis[39;00m [38;5;28;01mNone[39;00m:
[1;32m    224[0m     account [38;5;241m=[39m AccountManager[38;5;241m.[39mget()

File [0;32m/opt/hostedtoolcache/Python/3.11.7/x64/lib/python3.11/site-packages/qiskit_ibm_provider/accounts/management.py:151[0m, in [0;36mAccountManager.get[0;34m(cls, name, channel)[0m
[1;32m    146[0m     saved_account [38;5;241m=[39m read_config(
[1;32m    147[0m         filename[38;5;241m=[39m[38;5;28mcls[39m[38;5;241m.[39m_default_account_config_json_file,
[1;32m    148[0m         name[38;5;241m=[39m[38;5;28mcls[39m[38;5;241m.[39m_default_account_name_ibm_quantum,
[1;32m    149[0m     )
[1;32m    150[0m     [38;5;28;01mif[39;00m saved_account [38;5;129;01mis[39;00m [38;5;28;01mNone[39;00m:
[0;32m--> 151[0m         [38;5;28;01mraise[39;00m AccountNotFoundError([38;5;124mf[39m[38;5;124m"[39m[38;5;124mNo default [39m[38;5;132;01m{[39;00mchannel[38;5;132;01m}[39;00m[38;5;124m account saved.[39m[38;5;124m"[39m)
[1;32m    152[0m     [38;5;28;01mreturn[39;00m Account[38;5;241m.[39mfrom_saved_format(saved_account)
[1;32m    154[0m all_config [38;5;241m=[39m read_config(filename[38;5;241m=[39m[38;5;28mcls[39m[38;5;241m.[39m_default_account_config_json_file)

[0;31mAccountNotFoundError[0m: 'No default ibm_quantum account saved.'

