Traceback (most recent call last):
  File "/opt/hostedtoolcache/Python/3.11.7/x64/lib/python3.11/site-packages/jupyter_cache/executors/utils.py", line 58, in single_nb_execution
    executenb(
  File "/opt/hostedtoolcache/Python/3.11.7/x64/lib/python3.11/site-packages/nbclient/client.py", line 1305, in execute
    return NotebookClient(nb=nb, resources=resources, km=km, **kwargs).execute()
           ^^^^^^^^^^^^^^^^^^^^^^^^^^^^^^^^^^^^^^^^^^^^^^^^^^^^^^^^^^^^^^^^^^^^^
  File "/opt/hostedtoolcache/Python/3.11.7/x64/lib/python3.11/site-packages/jupyter_core/utils/__init__.py", line 166, in wrapped
    return loop.run_until_complete(inner)
           ^^^^^^^^^^^^^^^^^^^^^^^^^^^^^^
  File "/opt/hostedtoolcache/Python/3.11.7/x64/lib/python3.11/asyncio/base_events.py", line 653, in run_until_complete
    return future.result()
           ^^^^^^^^^^^^^^^
  File "/opt/hostedtoolcache/Python/3.11.7/x64/lib/python3.11/site-packages/nbclient/client.py", line 705, in async_execute
    await self.async_execute_cell(
  File "/opt/hostedtoolcache/Python/3.11.7/x64/lib/python3.11/site-packages/nbclient/client.py", line 1058, in async_execute_cell
    await self._check_raise_for_error(cell, cell_index, exec_reply)
  File "/opt/hostedtoolcache/Python/3.11.7/x64/lib/python3.11/site-packages/nbclient/client.py", line 914, in _check_raise_for_error
    raise CellExecutionError.from_cell_and_msg(cell, exec_reply_content)
nbclient.exceptions.CellExecutionError: An error occurred while executing the following cell:
------------------
# ä¸è¦ãªè­¦å‘Šã‚’å–ã‚Šé™¤ãã¾ã™
import warnings
from matplotlib.cbook import MatplotlibDeprecationWarning
warnings.filterwarnings('ignore', category=MatplotlibDeprecationWarning)

# Qiskitã®æ¨™æº–çš„ãªãƒ©ã‚¤ãƒ–ãƒ©ãƒªãƒ¼ã‚’ã‚¤ãƒ³ãƒãƒ¼ãƒˆã—ã¾ã™
from qiskit import QuantumCircuit, execute, Aer, IBMQ, QuantumRegister, ClassicalRegister
from qiskit.compiler import transpile, assemble
from qiskit.tools.jupyter import *
from qiskit.visualization import *

# piã‚’è¨­å®šã—ã¦ãŠãã¨ä¾¿åˆ©ã§ã™
import math
pi=math.pi
------------------

----- stderr -----
/tmp/ipykernel_2192/1182467571.py:3: MatplotlibDeprecationWarning: MatplotlibDeprecationWarning was deprecated in Matplotlib 3.6 and will be removed two minor releases later. Use matplotlib.MatplotlibDeprecationWarning instead.
  from matplotlib.cbook import MatplotlibDeprecationWarning
------------------

[0;31m---------------------------------------------------------------------------[0m
[0;31mModuleNotFoundError[0m                       Traceback (most recent call last)
Cell [0;32mIn[1], line 9[0m
[1;32m      7[0m [38;5;28;01mfrom[39;00m [38;5;21;01mqiskit[39;00m [38;5;28;01mimport[39;00m QuantumCircuit, execute, Aer, IBMQ, QuantumRegister, ClassicalRegister
[1;32m      8[0m [38;5;28;01mfrom[39;00m [38;5;21;01mqiskit[39;00m[38;5;21;01m.[39;00m[38;5;21;01mcompiler[39;00m [38;5;28;01mimport[39;00m transpile, assemble
[0;32m----> 9[0m [38;5;28;01mfrom[39;00m [38;5;21;01mqiskit[39;00m[38;5;21;01m.[39;00m[38;5;21;01mtools[39;00m[38;5;21;01m.[39;00m[38;5;21;01mjupyter[39;00m [38;5;28;01mimport[39;00m [38;5;241m*[39m
[1;32m     10[0m [38;5;28;01mfrom[39;00m [38;5;21;01mqiskit[39;00m[38;5;21;01m.[39;00m[38;5;21;01mvisualization[39;00m [38;5;28;01mimport[39;00m [38;5;241m*[39m
[1;32m     12[0m [38;5;66;03m# piã‚’è¨­å®šã—ã¦ãŠãã¨ä¾¿åˆ©ã§ã™[39;00m

File [0;32m/opt/hostedtoolcache/Python/3.11.7/x64/lib/python3.11/site-packages/qiskit/tools/jupyter/__init__.py:105[0m
[1;32m    103[0m [38;5;28;01mfrom[39;00m [38;5;21;01mqiskit[39;00m[38;5;21;01m.[39;00m[38;5;21;01mproviders[39;00m[38;5;21;01m.[39;00m[38;5;21;01mfake_provider[39;00m [38;5;28;01mimport[39;00m FakeBackend
[1;32m    104[0m [38;5;28;01mfrom[39;00m [38;5;21;01mqiskit[39;00m[38;5;21;01m.[39;00m[38;5;21;01mutils[39;00m [38;5;28;01mimport[39;00m optionals [38;5;28;01mas[39;00m _optionals
[0;32m--> 105[0m [38;5;28;01mfrom[39;00m [38;5;21;01m.[39;00m[38;5;21;01mjupyter_magics[39;00m [38;5;28;01mimport[39;00m ProgressBarMagic, StatusMagic
[1;32m    106[0m [38;5;28;01mfrom[39;00m [38;5;21;01m.[39;00m[38;5;21;01mprogressbar[39;00m [38;5;28;01mimport[39;00m HTMLProgressBar
[1;32m    107[0m [38;5;28;01mfrom[39;00m [38;5;21;01m.[39;00m[38;5;21;01mversion_table[39;00m [38;5;28;01mimport[39;00m VersionTable

File [0;32m/opt/hostedtoolcache/Python/3.11.7/x64/lib/python3.11/site-packages/qiskit/tools/jupyter/jupyter_magics.py:27[0m
[1;32m     25[0m [38;5;28;01mfrom[39;00m [38;5;21;01mqiskit[39;00m[38;5;21;01m.[39;00m[38;5;21;01mtools[39;00m[38;5;21;01m.[39;00m[38;5;21;01mevents[39;00m[38;5;21;01m.[39;00m[38;5;21;01mprogressbar[39;00m [38;5;28;01mimport[39;00m TextProgressBar
[1;32m     26[0m [38;5;28;01mfrom[39;00m [38;5;21;01m.[39;00m[38;5;21;01mprogressbar[39;00m [38;5;28;01mimport[39;00m HTMLProgressBar
[0;32m---> 27[0m [38;5;28;01mfrom[39;00m [38;5;21;01m.[39;00m[38;5;21;01mlibrary[39;00m [38;5;28;01mimport[39;00m circuit_library_widget
[1;32m     30[0m [38;5;28;01mdef[39;00m [38;5;21m_html_checker[39m(job_var, interval, status, header, _interval_set[38;5;241m=[39m[38;5;28;01mFalse[39;00m):
[1;32m     31[0m [38;5;250m    [39m[38;5;124;03m"""Internal function that updates the status[39;00m
[1;32m     32[0m [38;5;124;03m    of a HTML job monitor.[39;00m
[1;32m     33[0m 
[0;32m   (...)[0m
[1;32m     39[0m [38;5;124;03m        _interval_set (bool): Was interval set by user?[39;00m
[1;32m     40[0m [38;5;124;03m    """[39;00m

File [0;32m/opt/hostedtoolcache/Python/3.11.7/x64/lib/python3.11/site-packages/qiskit/tools/jupyter/library.py:17[0m
[1;32m      1[0m [38;5;66;03m# This code is part of Qiskit.[39;00m
[1;32m      2[0m [38;5;66;03m#[39;00m
[1;32m      3[0m [38;5;66;03m# (C) Copyright IBM 2017, 2018.[39;00m
[0;32m   (...)[0m
[1;32m     12[0m 
[1;32m     13[0m [38;5;66;03m# pylint: disable=invalid-name,no-name-in-module,ungrouped-imports[39;00m
[1;32m     15[0m [38;5;124;03m"""A circuit library widget module"""[39;00m
[0;32m---> 17[0m [38;5;28;01mimport[39;00m [38;5;21;01mipywidgets[39;00m [38;5;28;01mas[39;00m [38;5;21;01mwid[39;00m
[1;32m     18[0m [38;5;28;01mfrom[39;00m [38;5;21;01mIPython[39;00m[38;5;21;01m.[39;00m[38;5;21;01mdisplay[39;00m [38;5;28;01mimport[39;00m display
[1;32m     19[0m [38;5;28;01mfrom[39;00m [38;5;21;01mqiskit[39;00m [38;5;28;01mimport[39;00m QuantumCircuit

[0;31mModuleNotFoundError[0m: No module named 'ipywidgets'

