Traceback (most recent call last):
  File "/opt/hostedtoolcache/Python/3.11.7/x64/lib/python3.11/site-packages/jupyter_cache/executors/utils.py", line 58, in single_nb_execution
    executenb(
  File "/opt/hostedtoolcache/Python/3.11.7/x64/lib/python3.11/site-packages/nbclient/client.py", line 1305, in execute
    return NotebookClient(nb=nb, resources=resources, km=km, **kwargs).execute()
           ^^^^^^^^^^^^^^^^^^^^^^^^^^^^^^^^^^^^^^^^^^^^^^^^^^^^^^^^^^^^^^^^^^^^^
  File "/opt/hostedtoolcache/Python/3.11.7/x64/lib/python3.11/site-packages/jupyter_core/utils/__init__.py", line 166, in wrapped
    return loop.run_until_complete(inner)
           ^^^^^^^^^^^^^^^^^^^^^^^^^^^^^^
  File "/opt/hostedtoolcache/Python/3.11.7/x64/lib/python3.11/asyncio/base_events.py", line 653, in run_until_complete
    return future.result()
           ^^^^^^^^^^^^^^^
  File "/opt/hostedtoolcache/Python/3.11.7/x64/lib/python3.11/site-packages/nbclient/client.py", line 705, in async_execute
    await self.async_execute_cell(
  File "/opt/hostedtoolcache/Python/3.11.7/x64/lib/python3.11/site-packages/nbclient/client.py", line 1058, in async_execute_cell
    await self._check_raise_for_error(cell, cell_index, exec_reply)
  File "/opt/hostedtoolcache/Python/3.11.7/x64/lib/python3.11/site-packages/nbclient/client.py", line 914, in _check_raise_for_error
    raise CellExecutionError.from_cell_and_msg(cell, exec_reply_content)
nbclient.exceptions.CellExecutionError: An error occurred while executing the following cell:
------------------
step1_bit: int

step1_bit = 1 if counts["1"] > counts["0"] else 0

print(step1_bit)
------------------


[0;31m---------------------------------------------------------------------------[0m
[0;31mKeyError[0m                                  Traceback (most recent call last)
Cell [0;32mIn[10], line 3[0m
[1;32m      1[0m step1_bit: [38;5;28mint[39m
[0;32m----> 3[0m step1_bit [38;5;241m=[39m [38;5;241m1[39m [38;5;28;01mif[39;00m counts[[38;5;124m"[39m[38;5;124m1[39m[38;5;124m"[39m] [38;5;241m>[39m [43mcounts[49m[43m[[49m[38;5;124;43m"[39;49m[38;5;124;43m0[39;49m[38;5;124;43m"[39;49m[43m][49m [38;5;28;01melse[39;00m [38;5;241m0[39m
[1;32m      5[0m [38;5;28mprint[39m(step1_bit)

[0;31mKeyError[0m: '0'

